<?xml version="1.0" encoding="UTF-8"?>
<!-- Generated by org.testng.reporters.JUnitReportReporter -->
<testsuite hostname="SVRAMAN-IN" failures="0" tests="1" name="demo.HeadlessChromeDemo" time="8.966" errors="0" timestamp="21 Apr 2020 00:09:18 GMT" skipped="0">
  <testcase classname="demo.HeadlessChromeDemo" name="test" time="8.966"/>
</testsuite> <!-- demo.HeadlessChromeDemo -->
