<?xml version="1.0" encoding="UTF-8"?>
<!-- Generated by org.testng.reporters.JUnitReportReporter -->
<testsuite hostname="SVRAMAN-IN" failures="0" tests="5" name="demo.TestNGGroupDemo" time="0.008" errors="0" timestamp="19 Apr 2020 12:55:32 GMT" skipped="0">
  <testcase classname="demo.TestNGGroupDemo" name="test4" time="0.001"/>
  <testcase classname="demo.TestNGGroupDemo" name="test5" time="0.001"/>
  <testcase classname="demo.TestNGGroupDemo" name="test1" time="0.001"/>
  <testcase classname="demo.TestNGGroupDemo" name="test2" time="0.004"/>
  <testcase classname="demo.TestNGGroupDemo" name="test3" time="0.001"/>
</testsuite> <!-- demo.TestNGGroupDemo -->
