<?xml version="1.0" encoding="UTF-8"?>
<!-- Generated by org.testng.reporters.JUnitReportReporter -->
<testsuite hostname="SVRAMAN-IN" failures="0" tests="1" name="demo.Test1" time="7.797" errors="0" timestamp="19 Apr 2020 23:58:34 GMT" skipped="0">
  <testcase classname="demo.Test1" name="test1" time="7.797"/>
</testsuite> <!-- demo.Test1 -->
