<?xml version="1.0" encoding="UTF-8"?>
<!-- Generated by org.testng.reporters.JUnitReportReporter -->
<testsuite hostname="SVRAMAN-IN" failures="0" tests="3" name="listeners.TestNgListenerDemo2" time="0.013" errors="0" timestamp="19 Apr 2020 03:47:23 GMT" skipped="1">
  <testcase classname="listeners.TestNgListenerDemo2" name="test5" time="0.004"/>
  <testcase classname="listeners.TestNgListenerDemo2" name="test4" time="0.002"/>
  <testcase classname="listeners.TestNgListenerDemo2" name="test6" time="0.007">
    <skipped/>
  </testcase> <!-- test6 -->
</testsuite> <!-- listeners.TestNgListenerDemo2 -->
