<?xml version="1.0" encoding="UTF-8"?>
<!-- Generated by org.testng.reporters.JUnitReportReporter -->
<testsuite hostname="SVRAMAN-IN" failures="0" tests="1" name="demo.TestNGparameterDemo" time="0.018" errors="0" timestamp="19 Apr 2020 12:47:30 GMT" skipped="0">
  <testcase classname="demo.TestNGparameterDemo" name="test" time="0.018"/>
</testsuite> <!-- demo.TestNGparameterDemo -->
