<?xml version="1.0" encoding="UTF-8"?>
<!-- Generated by org.testng.reporters.JUnitReportReporter -->
<testsuite hostname="SVRAMAN-IN" failures="0" tests="4" name="demo.TestNGDependencyDemo" time="0.025" errors="0" timestamp="19 Apr 2020 23:30:51 GMT" skipped="0">
  <testcase classname="demo.TestNGDependencyDemo" name="test2" time="0.020"/>
  <testcase classname="demo.TestNGDependencyDemo" name="test4" time="0.002"/>
  <testcase classname="demo.TestNGDependencyDemo" name="test1" time="0.001"/>
  <testcase classname="demo.TestNGDependencyDemo" name="test3" time="0.002"/>
</testsuite> <!-- demo.TestNGDependencyDemo -->
