<?xml version="1.0" encoding="UTF-8"?>
<!-- Generated by org.testng.reporters.JUnitReportReporter -->
<testsuite hostname="SVRAMAN-IN" failures="0" tests="3" name="demo.TestNgPriorityDemo" time="0.024" errors="0" timestamp="19 Apr 2020 04:12:12 GMT" skipped="0">
  <testcase classname="demo.TestNgPriorityDemo" name="three" time="0.003"/>
  <testcase classname="demo.TestNgPriorityDemo" name="two" time="0.002"/>
  <testcase classname="demo.TestNgPriorityDemo" name="one" time="0.019"/>
</testsuite> <!-- demo.TestNgPriorityDemo -->
