<?xml version="1.0" encoding="UTF-8"?>
<!-- Generated by org.testng.reporters.JUnitReportReporter -->
<testsuite hostname="SVRAMAN-IN" failures="0" tests="2" name="test.TestNgDemo1" time="0.015" errors="0" timestamp="19 Apr 2020 03:36:08 GMT" skipped="0">
  <testcase classname="test.TestNgDemo1" name="myTest1" time="0.010"/>
  <testcase classname="test.TestNgDemo1" name="myTest2" time="0.005"/>
</testsuite> <!-- test.TestNgDemo1 -->
