<?xml version="1.0" encoding="UTF-8"?>
<!-- Generated by org.testng.reporters.JUnitReportReporter -->
<testsuite hostname="SVRAMAN-IN" failures="0" tests="2" name="demo.TestNGIgnoreDemo" time="0.017" errors="0" timestamp="19 Apr 2020 23:26:52 GMT" skipped="1">
  <testcase classname="demo.TestNGIgnoreDemo" name="test2" time="0.017"/>
  <testcase classname="demo.TestNGIgnoreDemo" name="test1">
    <skipped/>
  </testcase> <!-- test1 -->
</testsuite> <!-- demo.TestNGIgnoreDemo -->
