<?xml version="1.0" encoding="UTF-8"?>
<!-- Generated by org.testng.reporters.JUnitReportReporter -->
<testsuite hostname="SVRAMAN-IN" failures="0" tests="1" name="demo.AutoItDemo" time="10.042" errors="0" timestamp="21 Apr 2020 00:47:04 GMT" skipped="0">
  <testcase classname="demo.AutoItDemo" name="test" time="10.042"/>
</testsuite> <!-- demo.AutoItDemo -->
