<?xml version="1.0" encoding="UTF-8"?>
<!-- Generated by org.testng.reporters.JUnitReportReporter -->
<testsuite hostname="SVRAMAN-IN" failures="0" tests="2" name="test.ExtentReportDemoWithTestNg" time="2.764" errors="0" timestamp="17 Apr 2020 01:37:53 GMT" skipped="0">
  <testcase classname="test.ExtentReportDemoWithTestNg" name="test2" time="0.002"/>
  <testcase classname="test.ExtentReportDemoWithTestNg" name="test1" time="2.762"/>
</testsuite> <!-- test.ExtentReportDemoWithTestNg -->
