<?xml version="1.0" encoding="UTF-8"?>
<!-- Generated by org.testng.reporters.JUnitReportReporter -->
<testsuite hostname="SVRAMAN-IN" failures="0" tests="2" name="utils.ExcelDataProvider" time="9.850" errors="0" timestamp="19 Apr 2020 02:55:16 GMT" skipped="0">
  <testcase classname="utils.ExcelDataProvider" name="test1" time="6.968"/>
  <testcase classname="utils.ExcelDataProvider" name="test1" time="2.882"/>
</testsuite> <!-- utils.ExcelDataProvider -->
